<?xml version="1.0" encoding="UTF-8"?>
<testsuite xmlns:xsi="http://www.w3.org/2001/XMLSchema-instance" xsi:noNamespaceSchemaLocation="https://maven.apache.org/surefire/maven-surefire-plugin/xsd/surefire-test-report-3.0.xsd" version="3.0" name="TestSuite" time="1.973" tests="43" errors="0" skipped="41" failures="2">
  <properties>
    <property name="sun.desktop" value="windows"/>
    <property name="awt.toolkit" value="sun.awt.windows.WToolkit"/>
    <property name="java.specification.version" value="9"/>
    <property name="file.encoding.pkg" value="sun.io"/>
    <property name="sun.cpu.isalist" value="amd64"/>
    <property name="sun.jnu.encoding" value="Cp1252"/>
    <property name="java.class.path" value="C:\Users\HALIMA\IdeaProjects\Team1\Facebook\target\test-classes;C:\Users\HALIMA\IdeaProjects\Team1\Facebook\target\classes;C:\Users\HALIMA\.m2\repository\WebAutomationTeam1\Generic\1.0-SNAPSHOT\Generic-1.0-SNAPSHOT.jar;C:\Users\HALIMA\.m2\repository\org\seleniumhq\selenium\selenium-java\3.141.59\selenium-java-3.141.59.jar;C:\Users\HALIMA\.m2\repository\org\seleniumhq\selenium\selenium-api\3.141.59\selenium-api-3.141.59.jar;C:\Users\HALIMA\.m2\repository\org\seleniumhq\selenium\selenium-chrome-driver\3.141.59\selenium-chrome-driver-3.141.59.jar;C:\Users\HALIMA\.m2\repository\org\seleniumhq\selenium\selenium-edge-driver\3.141.59\selenium-edge-driver-3.141.59.jar;C:\Users\HALIMA\.m2\repository\org\seleniumhq\selenium\selenium-firefox-driver\3.141.59\selenium-firefox-driver-3.141.59.jar;C:\Users\HALIMA\.m2\repository\org\seleniumhq\selenium\selenium-ie-driver\3.141.59\selenium-ie-driver-3.141.59.jar;C:\Users\HALIMA\.m2\repository\org\seleniumhq\selenium\selenium-opera-driver\3.141.59\selenium-opera-driver-3.141.59.jar;C:\Users\HALIMA\.m2\repository\org\seleniumhq\selenium\selenium-remote-driver\3.141.59\selenium-remote-driver-3.141.59.jar;C:\Users\HALIMA\.m2\repository\org\seleniumhq\selenium\selenium-safari-driver\3.141.59\selenium-safari-driver-3.141.59.jar;C:\Users\HALIMA\.m2\repository\org\seleniumhq\selenium\selenium-support\3.141.59\selenium-support-3.141.59.jar;C:\Users\HALIMA\.m2\repository\net\bytebuddy\byte-buddy\1.8.15\byte-buddy-1.8.15.jar;C:\Users\HALIMA\.m2\repository\org\apache\commons\commons-exec\1.3\commons-exec-1.3.jar;C:\Users\HALIMA\.m2\repository\com\google\guava\guava\25.0-jre\guava-25.0-jre.jar;C:\Users\HALIMA\.m2\repository\com\google\code\findbugs\jsr305\1.3.9\jsr305-1.3.9.jar;C:\Users\HALIMA\.m2\repository\org\checkerframework\checker-compat-qual\2.0.0\checker-compat-qual-2.0.0.jar;C:\Users\HALIMA\.m2\repository\com\google\errorprone\error_prone_annotations\2.1.3\error_prone_annotations-2.1.3.jar;C:\Users\HALIMA\.m2\repository\com\google\j2objc\j2objc-annotations\1.1\j2objc-annotations-1.1.jar;C:\Users\HALIMA\.m2\repository\org\codehaus\mojo\animal-sniffer-annotations\1.14\animal-sniffer-annotations-1.14.jar;C:\Users\HALIMA\.m2\repository\com\squareup\okhttp3\okhttp\3.11.0\okhttp-3.11.0.jar;C:\Users\HALIMA\.m2\repository\com\squareup\okio\okio\1.14.0\okio-1.14.0.jar;C:\Users\HALIMA\.m2\repository\org\seleniumhq\selenium\selenium-server\3.141.59\selenium-server-3.141.59.jar;C:\Users\HALIMA\.m2\repository\com\beust\jcommander\1.72\jcommander-1.72.jar;C:\Users\HALIMA\.m2\repository\net\jcip\jcip-annotations\1.0\jcip-annotations-1.0.jar;C:\Users\HALIMA\.m2\repository\org\seleniumhq\selenium\jetty-repacked\9.4.12.v20180830\jetty-repacked-9.4.12.v20180830.jar;C:\Users\HALIMA\.m2\repository\javax\servlet\javax.servlet-api\3.1.0\javax.servlet-api-3.1.0.jar;C:\Users\HALIMA\.m2\repository\org\yaml\snakeyaml\1.19\snakeyaml-1.19.jar;C:\Users\HALIMA\.m2\repository\org\testng\testng\6.14.3\testng-6.14.3.jar;C:\Users\HALIMA\.m2\repository\org\apache-extras\beanshell\bsh\2.0b6\bsh-2.0b6.jar;C:\Users\HALIMA\.m2\repository\org\mongodb\mongo-java-driver\3.6.0-beta1\mongo-java-driver-3.6.0-beta1.jar;C:\Users\HALIMA\.m2\repository\mysql\mysql-connector-java\6.0.6\mysql-connector-java-6.0.6.jar;C:\Users\HALIMA\.m2\repository\org\apache\poi\poi\3.17\poi-3.17.jar;C:\Users\HALIMA\.m2\repository\commons-codec\commons-codec\1.10\commons-codec-1.10.jar;C:\Users\HALIMA\.m2\repository\org\apache\commons\commons-collections4\4.1\commons-collections4-4.1.jar;C:\Users\HALIMA\.m2\repository\com\google\api-client\google-api-client\1.22.0\google-api-client-1.22.0.jar;C:\Users\HALIMA\.m2\repository\com\google\oauth-client\google-oauth-client\1.22.0\google-oauth-client-1.22.0.jar;C:\Users\HALIMA\.m2\repository\com\google\http-client\google-http-client\1.22.0\google-http-client-1.22.0.jar;C:\Users\HALIMA\.m2\repository\com\google\http-client\google-http-client-jackson2\1.22.0\google-http-client-jackson2-1.22.0.jar;C:\Users\HALIMA\.m2\repository\com\fasterxml\jackson\core\jackson-core\2.1.3\jackson-core-2.1.3.jar;C:\Users\HALIMA\.m2\repository\com\google\guava\guava-jdk5\17.0\guava-jdk5-17.0.jar;C:\Users\HALIMA\.m2\repository\com\aventstack\extentreports\3.0.7\extentreports-3.0.7.jar;C:\Users\HALIMA\.m2\repository\org\freemarker\freemarker\2.3.23\freemarker-2.3.23.jar;C:\Users\HALIMA\.m2\repository\org\mongodb\mongodb-driver\3.3.0\mongodb-driver-3.3.0.jar;C:\Users\HALIMA\.m2\repository\org\mongodb\bson\3.3.0\bson-3.3.0.jar;C:\Users\HALIMA\.m2\repository\org\mongodb\mongodb-driver-core\3.3.0\mongodb-driver-core-3.3.0.jar;C:\Users\HALIMA\.m2\repository\org\apache\httpcomponents\httpclient\4.5.2\httpclient-4.5.2.jar;C:\Users\HALIMA\.m2\repository\org\apache\httpcomponents\httpcore\4.4.4\httpcore-4.4.4.jar;C:\Users\HALIMA\.m2\repository\commons-logging\commons-logging\1.2\commons-logging-1.2.jar;C:\Users\HALIMA\.m2\repository\org\apache\httpcomponents\httpmime\4.5.2\httpmime-4.5.2.jar;C:\Users\HALIMA\.m2\repository\org\jsoup\jsoup\1.9.2\jsoup-1.9.2.jar;C:\Users\HALIMA\.m2\repository\com\google\code\gson\gson\2.8.0\gson-2.8.0.jar;C:\Users\HALIMA\.m2\repository\com\relevantcodes\extentreports\2.41.1\extentreports-2.41.1.jar;C:\Users\HALIMA\.m2\repository\org\xerial\sqlite-jdbc\3.8.11.1\sqlite-jdbc-3.8.11.1.jar;C:\Users\HALIMA\.m2\repository\org\apache\commons\commons-lang3\3.0\commons-lang3-3.0.jar;C:\Users\HALIMA\.m2\repository\commons-io\commons-io\2.5\commons-io-2.5.jar;"/>
    <property name="java.vm.vendor" value="Oracle Corporation"/>
    <property name="sun.arch.data.model" value="64"/>
    <property name="user.variant" value=""/>
    <property name="java.vendor.url" value="http://java.oracle.com/"/>
    <property name="user.timezone" value="America/New_York"/>
    <property name="java.vm.specification.version" value="9"/>
    <property name="os.name" value="Windows 10"/>
    <property name="sun.java.launcher" value="SUN_STANDARD"/>
    <property name="user.country" value="US"/>
    <property name="sun.boot.library.path" value="C:\Program Files\Java\jdk-9.0.4\bin"/>
    <property name="sun.java.command" value="C:\Users\HALIMA\AppData\Local\Temp\surefire6397827758482889020\surefirebooter5167098325004054622.jar C:\Users\HALIMA\AppData\Local\Temp\surefire6397827758482889020 2019-01-14T08-23-10_353-jvmRun1 surefire13283933151862859753tmp surefire_016452479108713360568tmp"/>
    <property name="jdk.debug" value="release"/>
    <property name="surefire.test.class.path" value="C:\Users\HALIMA\IdeaProjects\Team1\Facebook\target\test-classes;C:\Users\HALIMA\IdeaProjects\Team1\Facebook\target\classes;C:\Users\HALIMA\.m2\repository\WebAutomationTeam1\Generic\1.0-SNAPSHOT\Generic-1.0-SNAPSHOT.jar;C:\Users\HALIMA\.m2\repository\org\seleniumhq\selenium\selenium-java\3.141.59\selenium-java-3.141.59.jar;C:\Users\HALIMA\.m2\repository\org\seleniumhq\selenium\selenium-api\3.141.59\selenium-api-3.141.59.jar;C:\Users\HALIMA\.m2\repository\org\seleniumhq\selenium\selenium-chrome-driver\3.141.59\selenium-chrome-driver-3.141.59.jar;C:\Users\HALIMA\.m2\repository\org\seleniumhq\selenium\selenium-edge-driver\3.141.59\selenium-edge-driver-3.141.59.jar;C:\Users\HALIMA\.m2\repository\org\seleniumhq\selenium\selenium-firefox-driver\3.141.59\selenium-firefox-driver-3.141.59.jar;C:\Users\HALIMA\.m2\repository\org\seleniumhq\selenium\selenium-ie-driver\3.141.59\selenium-ie-driver-3.141.59.jar;C:\Users\HALIMA\.m2\repository\org\seleniumhq\selenium\selenium-opera-driver\3.141.59\selenium-opera-driver-3.141.59.jar;C:\Users\HALIMA\.m2\repository\org\seleniumhq\selenium\selenium-remote-driver\3.141.59\selenium-remote-driver-3.141.59.jar;C:\Users\HALIMA\.m2\repository\org\seleniumhq\selenium\selenium-safari-driver\3.141.59\selenium-safari-driver-3.141.59.jar;C:\Users\HALIMA\.m2\repository\org\seleniumhq\selenium\selenium-support\3.141.59\selenium-support-3.141.59.jar;C:\Users\HALIMA\.m2\repository\net\bytebuddy\byte-buddy\1.8.15\byte-buddy-1.8.15.jar;C:\Users\HALIMA\.m2\repository\org\apache\commons\commons-exec\1.3\commons-exec-1.3.jar;C:\Users\HALIMA\.m2\repository\com\google\guava\guava\25.0-jre\guava-25.0-jre.jar;C:\Users\HALIMA\.m2\repository\com\google\code\findbugs\jsr305\1.3.9\jsr305-1.3.9.jar;C:\Users\HALIMA\.m2\repository\org\checkerframework\checker-compat-qual\2.0.0\checker-compat-qual-2.0.0.jar;C:\Users\HALIMA\.m2\repository\com\google\errorprone\error_prone_annotations\2.1.3\error_prone_annotations-2.1.3.jar;C:\Users\HALIMA\.m2\repository\com\google\j2objc\j2objc-annotations\1.1\j2objc-annotations-1.1.jar;C:\Users\HALIMA\.m2\repository\org\codehaus\mojo\animal-sniffer-annotations\1.14\animal-sniffer-annotations-1.14.jar;C:\Users\HALIMA\.m2\repository\com\squareup\okhttp3\okhttp\3.11.0\okhttp-3.11.0.jar;C:\Users\HALIMA\.m2\repository\com\squareup\okio\okio\1.14.0\okio-1.14.0.jar;C:\Users\HALIMA\.m2\repository\org\seleniumhq\selenium\selenium-server\3.141.59\selenium-server-3.141.59.jar;C:\Users\HALIMA\.m2\repository\com\beust\jcommander\1.72\jcommander-1.72.jar;C:\Users\HALIMA\.m2\repository\net\jcip\jcip-annotations\1.0\jcip-annotations-1.0.jar;C:\Users\HALIMA\.m2\repository\org\seleniumhq\selenium\jetty-repacked\9.4.12.v20180830\jetty-repacked-9.4.12.v20180830.jar;C:\Users\HALIMA\.m2\repository\javax\servlet\javax.servlet-api\3.1.0\javax.servlet-api-3.1.0.jar;C:\Users\HALIMA\.m2\repository\org\yaml\snakeyaml\1.19\snakeyaml-1.19.jar;C:\Users\HALIMA\.m2\repository\org\testng\testng\6.14.3\testng-6.14.3.jar;C:\Users\HALIMA\.m2\repository\org\apache-extras\beanshell\bsh\2.0b6\bsh-2.0b6.jar;C:\Users\HALIMA\.m2\repository\org\mongodb\mongo-java-driver\3.6.0-beta1\mongo-java-driver-3.6.0-beta1.jar;C:\Users\HALIMA\.m2\repository\mysql\mysql-connector-java\6.0.6\mysql-connector-java-6.0.6.jar;C:\Users\HALIMA\.m2\repository\org\apache\poi\poi\3.17\poi-3.17.jar;C:\Users\HALIMA\.m2\repository\commons-codec\commons-codec\1.10\commons-codec-1.10.jar;C:\Users\HALIMA\.m2\repository\org\apache\commons\commons-collections4\4.1\commons-collections4-4.1.jar;C:\Users\HALIMA\.m2\repository\com\google\api-client\google-api-client\1.22.0\google-api-client-1.22.0.jar;C:\Users\HALIMA\.m2\repository\com\google\oauth-client\google-oauth-client\1.22.0\google-oauth-client-1.22.0.jar;C:\Users\HALIMA\.m2\repository\com\google\http-client\google-http-client\1.22.0\google-http-client-1.22.0.jar;C:\Users\HALIMA\.m2\repository\com\google\http-client\google-http-client-jackson2\1.22.0\google-http-client-jackson2-1.22.0.jar;C:\Users\HALIMA\.m2\repository\com\fasterxml\jackson\core\jackson-core\2.1.3\jackson-core-2.1.3.jar;C:\Users\HALIMA\.m2\repository\com\google\guava\guava-jdk5\17.0\guava-jdk5-17.0.jar;C:\Users\HALIMA\.m2\repository\com\aventstack\extentreports\3.0.7\extentreports-3.0.7.jar;C:\Users\HALIMA\.m2\repository\org\freemarker\freemarker\2.3.23\freemarker-2.3.23.jar;C:\Users\HALIMA\.m2\repository\org\mongodb\mongodb-driver\3.3.0\mongodb-driver-3.3.0.jar;C:\Users\HALIMA\.m2\repository\org\mongodb\bson\3.3.0\bson-3.3.0.jar;C:\Users\HALIMA\.m2\repository\org\mongodb\mongodb-driver-core\3.3.0\mongodb-driver-core-3.3.0.jar;C:\Users\HALIMA\.m2\repository\org\apache\httpcomponents\httpclient\4.5.2\httpclient-4.5.2.jar;C:\Users\HALIMA\.m2\repository\org\apache\httpcomponents\httpcore\4.4.4\httpcore-4.4.4.jar;C:\Users\HALIMA\.m2\repository\commons-logging\commons-logging\1.2\commons-logging-1.2.jar;C:\Users\HALIMA\.m2\repository\org\apache\httpcomponents\httpmime\4.5.2\httpmime-4.5.2.jar;C:\Users\HALIMA\.m2\repository\org\jsoup\jsoup\1.9.2\jsoup-1.9.2.jar;C:\Users\HALIMA\.m2\repository\com\google\code\gson\gson\2.8.0\gson-2.8.0.jar;C:\Users\HALIMA\.m2\repository\com\relevantcodes\extentreports\2.41.1\extentreports-2.41.1.jar;C:\Users\HALIMA\.m2\repository\org\xerial\sqlite-jdbc\3.8.11.1\sqlite-jdbc-3.8.11.1.jar;C:\Users\HALIMA\.m2\repository\org\apache\commons\commons-lang3\3.0\commons-lang3-3.0.jar;C:\Users\HALIMA\.m2\repository\commons-io\commons-io\2.5\commons-io-2.5.jar;"/>
    <property name="sun.cpu.endian" value="little"/>
    <property name="user.home" value="C:\Users\HALIMA"/>
    <property name="user.language" value="en"/>
    <property name="java.specification.vendor" value="Oracle Corporation"/>
    <property name="java.home" value="C:\Program Files\Java\jdk-9.0.4"/>
    <property name="file.separator" value="\"/>
    <property name="basedir" value="C:\Users\HALIMA\IdeaProjects\Team1\Facebook"/>
    <property name="java.vm.compressedOopsMode" value="Zero based"/>
    <property name="line.separator" value="&#10;"/>
    <property name="java.vm.specification.vendor" value="Oracle Corporation"/>
    <property name="java.specification.name" value="Java Platform API Specification"/>
    <property name="java.awt.graphicsenv" value="sun.awt.Win32GraphicsEnvironment"/>
    <property name="surefire.real.class.path" value="C:\Users\HALIMA\AppData\Local\Temp\surefire6397827758482889020\surefirebooter5167098325004054622.jar"/>
    <property name="user.script" value=""/>
    <property name="sun.management.compiler" value="HotSpot 64-Bit Tiered Compilers"/>
    <property name="java.runtime.version" value="9.0.4+11"/>
    <property name="user.name" value="HALIMA"/>
    <property name="path.separator" value=";"/>
    <property name="os.version" value="10.0"/>
    <property name="java.runtime.name" value="Java(TM) SE Runtime Environment"/>
    <property name="file.encoding" value="Cp1252"/>
    <property name="java.vm.name" value="Java HotSpot(TM) 64-Bit Server VM"/>
    <property name="localRepository" value="C:\Users\HALIMA\.m2\repository"/>
    <property name="java.vendor.url.bug" value="http://bugreport.java.com/bugreport/"/>
    <property name="java.io.tmpdir" value="C:\Users\HALIMA\AppData\Local\Temp\"/>
    <property name="idea.version" value="2018.3.1"/>
    <property name="java.version" value="9.0.4"/>
    <property name="user.dir" value="C:\Users\HALIMA\IdeaProjects\Team1\Facebook"/>
    <property name="os.arch" value="amd64"/>
    <property name="java.vm.specification.name" value="Java Virtual Machine Specification"/>
    <property name="java.awt.printerjob" value="sun.awt.windows.WPrinterJob"/>
    <property name="sun.os.patch.level" value=""/>
    <property name="java.library.path" value="C:\Program Files\Java\jdk-9.0.4\bin;C:\WINDOWS\Sun\Java\bin;C:\WINDOWS\system32;C:\WINDOWS;C:\Program Files (x86)\Intel\iCLS Client\;C:\ProgramData\Oracle\Java\javapath;F:\app\HALIMA\product\11.2.0\dbhome_1\bin;C:\Program Files\Intel\iCLS Client\;C:\WINDOWS\system32;C:\WINDOWS;C:\WINDOWS\System32\Wbem;C:\WINDOWS\System32\WindowsPowerShell\v1.0\;C:\Program Files (x86)\Zend\MySQL55\bin;C:\xampp\mysql\bin;C:\Program Files\dotnet\;C:\Program Files (x86)\Intel\Intel(R) Management Engine Components\DAL;C:\Program Files\Intel\Intel(R) Management Engine Components\DAL;C:\Program Files (x86)\Intel\Intel(R) Management Engine Components\IPT;C:\Program Files\Intel\Intel(R) Management Engine Components\IPT;C:\xampp\php;C:\ProgramData\ComposerSetup\bin;C:\Program Files\nodejs\;C:\Program Files (x86)\GtkSharp\2.12\bin;C:\WINDOWS\System32\OpenSSH\;C:\Program Files\Microsoft SQL Server\Client SDK\ODBC\130\Tools\Binn\;C:\Program Files (x86)\Microsoft SQL Server\140\Tools\Binn\;C:\Program Files\Microsoft SQL Server\140\Tools\Binn\;C:\Program Files\Microsoft SQL Server\140\DTS\Binn\;C:\Program Files (x86)\Microsoft SQL Server\Client SDK\ODBC\130\Tools\Binn\;C:\Program Files (x86)\Microsoft SQL Server\140\DTS\Binn\;C:\Program Files (x86)\Microsoft SQL Server\140\Tools\Binn\ManagementStudio\;C:\Program Files\Java\jre-9.0.4\bin;C:\Program Files\MongoDB\Server\4.0\bin;C:\xampp\mysql\bin;C:\Users\HALIMA\IdeaProjects;C:\Program Files\apache-maven-3.6.0\bin;C:\Users\HALIMA\AppData\Local\Programs\Python\Python36-32\Scripts\;C:\Users\HALIMA\AppData\Local\Programs\Python\Python36-32\;C:\Users\HALIMA\AppData\Local\Microsoft\WindowsApps;C:\Program Files (x86)\Microsoft VS Code\bin;C:\Windows\Microsoft.NET\Framework64\v4.0.30319;C:\Users\HALIMA\AppData\Roaming\Composer\vendor\bin;C:\Users\HALIMA\AppData\Roaming\npm;C:\Program Files\JetBrains\IntelliJ IDEA Community Edition 2018.3.1\bin;;C:\Program Files\MongoDB\Server\4.0\bin;C:\xampp\mysql\bin;C:\Users\HALIMA\IdeaProjects;C:\Program Files\apache-maven-3.6.0\bin;;."/>
    <property name="java.vm.info" value="mixed mode"/>
    <property name="java.vendor" value="Oracle Corporation"/>
    <property name="java.vm.version" value="9.0.4+11"/>
    <property name="sun.io.unicode.encoding" value="UnicodeLittle"/>
    <property name="java.class.version" value="53.0"/>
  </properties>
  <testcase name="setUp" classname="tests.TestHomeFacebook" time="1.302">
    <failure message="The driver executable does not exist: C:\Users\HALIMA\IdeaProjects\Team1\Facebook\..\Generic\browser-driver\chromedriver" type="java.lang.IllegalStateException">java.lang.IllegalStateException: The driver executable does not exist: C:\Users\HALIMA\IdeaProjects\Team1\Facebook\..\Generic\browser-driver\chromedriver
</failure>
    <system-out><![CDATA[Extent Report DirectoryC:\Users\HALIMA\IdeaProjects\Team1\Facebook\target\surefire-reports\html
]]></system-out>
    <system-err><![CDATA[Jan 14, 2019 8:23:13 AM com.relevantcodes.extentreports.ExtentReports loadConfig
WARNING: Unable to perform report configuration. The file C:\Users\HALIMA\IdeaProjects\Team1\Facebook\report-config.xml was not found.
]]></system-err>
  </testcase>
  <testcase name="setUp" classname="tests.TestHomeFacebook" time="0">
    <skipped/>
  </testcase>
  <testcase name="setUp" classname="tests.TestHomeFacebook" time="0">
    <skipped/>
  </testcase>
  <testcase name="setUp" classname="tests.TestHomeFacebook" time="0">
    <skipped/>
  </testcase>
  <testcase name="setUp" classname="tests.TestHomeFacebook" time="0">
    <skipped/>
  </testcase>
  <testcase name="setUp" classname="tests.TestHomeFacebook" time="0">
    <skipped/>
  </testcase>
  <testcase name="setUp" classname="tests.TestHomeFacebook" time="0">
    <skipped/>
  </testcase>
  <testcase name="startExtent" classname="tests.TestHomeFacebook" time="0">
    <skipped/>
  </testcase>
  <testcase name="startExtent" classname="tests.TestHomeFacebook" time="0">
    <skipped/>
  </testcase>
  <testcase name="startExtent" classname="tests.TestHomeFacebook" time="0">
    <skipped/>
  </testcase>
  <testcase name="startExtent" classname="tests.TestHomeFacebook" time="0">
    <skipped/>
  </testcase>
  <testcase name="startExtent" classname="tests.TestHomeFacebook" time="0">
    <skipped/>
  </testcase>
  <testcase name="startExtent" classname="tests.TestHomeFacebook" time="0">
    <skipped/>
  </testcase>
  <testcase name="startExtent" classname="tests.TestHomeFacebook" time="0">
    <skipped/>
  </testcase>
  <testcase name="test16" classname="tests.TestHomeFacebook" time="0">
    <skipped message="The driver executable does not exist: C:\Users\HALIMA\IdeaProjects\Team1\Facebook\..\Generic\browser-driver\chromedriver"/>
  </testcase>
  <testcase name="afterEachTestMethod" classname="tests.TestHomeFacebook" time="0">
    <skipped/>
  </testcase>
  <testcase name="afterEachTestMethod" classname="tests.TestHomeFacebook" time="0">
    <skipped/>
  </testcase>
  <testcase name="afterEachTestMethod" classname="tests.TestHomeFacebook" time="0">
    <skipped/>
  </testcase>
  <testcase name="afterEachTestMethod" classname="tests.TestHomeFacebook" time="0">
    <skipped/>
  </testcase>
  <testcase name="afterEachTestMethod" classname="tests.TestHomeFacebook" time="0">
    <skipped/>
  </testcase>
  <testcase name="afterEachTestMethod" classname="tests.TestHomeFacebook" time="0">
    <skipped/>
  </testcase>
  <testcase name="afterEachTestMethod" classname="tests.TestHomeFacebook" time="0">
    <skipped/>
  </testcase>
  <testcase name="cleanUP" classname="tests.TestHomeFacebook" time="0">
    <skipped/>
  </testcase>
  <testcase name="cleanUP" classname="tests.TestHomeFacebook" time="0">
    <skipped/>
  </testcase>
  <testcase name="cleanUP" classname="tests.TestHomeFacebook" time="0">
    <skipped/>
  </testcase>
  <testcase name="cleanUP" classname="tests.TestHomeFacebook" time="0">
    <skipped/>
  </testcase>
  <testcase name="cleanUP" classname="tests.TestHomeFacebook" time="0">
    <skipped/>
  </testcase>
  <testcase name="cleanUP" classname="tests.TestHomeFacebook" time="0">
    <skipped/>
  </testcase>
  <testcase name="cleanUP" classname="tests.TestHomeFacebook" time="0">
    <skipped/>
  </testcase>
  <testcase name="cleanUp" classname="tests.TestHomeFacebook" time="0">
    <skipped/>
  </testcase>
  <testcase name="cleanUp" classname="tests.TestHomeFacebook" time="0">
    <skipped/>
  </testcase>
  <testcase name="cleanUp" classname="tests.TestHomeFacebook" time="0">
    <skipped/>
  </testcase>
  <testcase name="cleanUp" classname="tests.TestHomeFacebook" time="0">
    <skipped/>
  </testcase>
  <testcase name="cleanUp" classname="tests.TestHomeFacebook" time="0">
    <skipped/>
  </testcase>
  <testcase name="cleanUp" classname="tests.TestHomeFacebook" time="0">
    <skipped/>
  </testcase>
  <testcase name="cleanUp" classname="tests.TestHomeFacebook" time="0">
    <skipped/>
  </testcase>
  <testcase name="test17" classname="tests.TestHomeFacebook" time="0">
    <skipped message="The driver executable does not exist: C:\Users\HALIMA\IdeaProjects\Team1\Facebook\..\Generic\browser-driver\chromedriver"/>
  </testcase>
  <testcase name="test18" classname="tests.TestHomeFacebook" time="0">
    <skipped message="The driver executable does not exist: C:\Users\HALIMA\IdeaProjects\Team1\Facebook\..\Generic\browser-driver\chromedriver"/>
  </testcase>
  <testcase name="test19" classname="tests.TestHomeFacebook" time="0">
    <skipped message="The driver executable does not exist: C:\Users\HALIMA\IdeaProjects\Team1\Facebook\..\Generic\browser-driver\chromedriver"/>
  </testcase>
  <testcase name="test20" classname="tests.TestHomeFacebook" time="0">
    <skipped message="The driver executable does not exist: C:\Users\HALIMA\IdeaProjects\Team1\Facebook\..\Generic\browser-driver\chromedriver"/>
  </testcase>
  <testcase name="test21" classname="tests.TestHomeFacebook" time="0">
    <skipped message="The driver executable does not exist: C:\Users\HALIMA\IdeaProjects\Team1\Facebook\..\Generic\browser-driver\chromedriver"/>
  </testcase>
  <testcase name="test22" classname="tests.TestHomeFacebook" time="0">
    <skipped message="The driver executable does not exist: C:\Users\HALIMA\IdeaProjects\Team1\Facebook\..\Generic\browser-driver\chromedriver"/>
  </testcase>
  <testcase name="generateReport" classname="tests.TestHomeFacebook" time="1.392">
    <failure type="java.lang.NullPointerException">java.lang.NullPointerException
</failure>
    <system-out><![CDATA[[TestHTMLReporter] The system cannot find the path specified
]]></system-out>
  </testcase>
</testsuite>